Raskshak/Temp/gradleOut/launcher/build/intermediates/manifest_merge_blame_file/release/manifest-merger-blame-release-report.txt
1<?xml version="1.0" encoding="utf-8"?>
2<!-- GENERATED BY UNITY. REMOVE THIS COMMENT TO PREVENT OVERWRITING WHEN EXPORTING AGAIN -->
3<manifest xmlns:android="http://schemas.android.com/apk/res/android"
4    package="com.DefaultCompany.Raskshak"
5    android:installLocation="preferExternal"
6    android:versionCode="1"
7    android:versionName="0.1" >
8
9    <uses-sdk
10        android:minSdkVersion="24"
10-->src\main\AndroidManifest.xml
11        android:targetSdkVersion="28" />
11-->src\main\AndroidManifest.xml
12
13    <supports-screens
13-->src\main\AndroidManifest.xml:4:3-163
14        android:anyDensity="true"
14-->src\main\AndroidManifest.xml:4:135-160
15        android:largeScreens="true"
15-->src\main\AndroidManifest.xml:4:78-105
16        android:normalScreens="true"
16-->src\main\AndroidManifest.xml:4:49-77
17        android:smallScreens="true"
17-->src\main\AndroidManifest.xml:4:21-48
18        android:xlargeScreens="true" />
18-->src\main\AndroidManifest.xml:4:106-134
19
20    <uses-feature android:glEsVersion="0x00020000" />
20-->[:unityLibrary] AndroidManifest.xml:13:5-54
20-->[:unityLibrary] AndroidManifest.xml:13:19-51
21
22    <uses-permission android:name="android.permission.INTERNET" />
22-->[:unityLibrary] AndroidManifest.xml:15:5-67
22-->[:unityLibrary] AndroidManifest.xml:15:22-64
23    <uses-permission android:name="android.permission.RECORD_AUDIO" />
23-->[:unityLibrary] AndroidManifest.xml:16:5-71
23-->[:unityLibrary] AndroidManifest.xml:16:22-68
24    <uses-permission android:name="android.permission.MODIFY_AUDIO_SETTINGS" />
24-->[:unityLibrary] AndroidManifest.xml:17:5-80
24-->[:unityLibrary] AndroidManifest.xml:17:22-77
25    <uses-permission android:name="android.permission.BLUETOOTH" />
25-->[:unityLibrary] AndroidManifest.xml:18:5-68
25-->[:unityLibrary] AndroidManifest.xml:18:22-65
26
27    <uses-feature
27-->[:unityLibrary] AndroidManifest.xml:20:5-22:36
28        android:name="android.hardware.microphone"
28-->[:unityLibrary] AndroidManifest.xml:21:9-51
29        android:required="false" />
29-->[:unityLibrary] AndroidManifest.xml:22:9-33
30    <uses-feature
30-->[:unityLibrary] AndroidManifest.xml:23:5-25:36
31        android:name="android.hardware.touchscreen"
31-->[:unityLibrary] AndroidManifest.xml:24:9-52
32        android:required="false" />
32-->[:unityLibrary] AndroidManifest.xml:25:9-33
33    <uses-feature
33-->[:unityLibrary] AndroidManifest.xml:26:5-28:36
34        android:name="android.hardware.touchscreen.multitouch"
34-->[:unityLibrary] AndroidManifest.xml:27:9-63
35        android:required="false" />
35-->[:unityLibrary] AndroidManifest.xml:28:9-33
36    <uses-feature
36-->[:unityLibrary] AndroidManifest.xml:29:5-31:36
37        android:name="android.hardware.touchscreen.multitouch.distinct"
37-->[:unityLibrary] AndroidManifest.xml:30:9-72
38        android:required="false" />
38-->[:unityLibrary] AndroidManifest.xml:31:9-33
39
40    <uses-permission android:name="android.permission.CAMERA" />
40-->[:unityLibrary] AndroidManifest.xml:33:5-65
40-->[:unityLibrary] AndroidManifest.xml:33:22-62
41    <uses-permission android:name="android.permission.ACCESS_NETWORK_STATE" />
41-->[:UnityAds:] AndroidManifest.xml:11:5-79
41-->[:UnityAds:] AndroidManifest.xml:11:22-76
42
43    <application
43-->src\main\AndroidManifest.xml:5:3-154
44        android:banner="@drawable/app_banner"
44-->src\main\AndroidManifest.xml:5:114-151
45        android:extractNativeLibs="true"
45-->src\main\AndroidManifest.xml:5:16-48
46        android:icon="@mipmap/app_icon"
46-->src\main\AndroidManifest.xml:5:82-113
47        android:isGame="true"
47-->[:unityLibrary] AndroidManifest.xml:35:18-39
48        android:label="@string/app_name" >
48-->src\main\AndroidManifest.xml:5:49-81
49        <activity
49-->[:unityLibrary] AndroidManifest.xml:36:9-53:20
50            android:name="com.unity3d.player.UnityPlayerActivity"
50-->[:unityLibrary] AndroidManifest.xml:37:13-66
51            android:configChanges="mcc|mnc|locale|touchscreen|keyboard|keyboardHidden|navigation|orientation|screenLayout|uiMode|screenSize|smallestScreenSize|fontScale|layoutDirection|density"
51-->[:unityLibrary] AndroidManifest.xml:38:13-194
52            android:hardwareAccelerated="false"
52-->[:unityLibrary] AndroidManifest.xml:39:13-48
53            android:launchMode="singleTask"
53-->[:unityLibrary] AndroidManifest.xml:40:13-44
54            android:screenOrientation="fullSensor"
54-->[:unityLibrary] AndroidManifest.xml:41:13-51
55            android:theme="@style/UnityThemeSelector" >
55-->[:unityLibrary] AndroidManifest.xml:42:13-54
56            <intent-filter>
56-->[:unityLibrary] AndroidManifest.xml:43:13-48:29
57                <action android:name="android.intent.action.MAIN" />
57-->[:unityLibrary] AndroidManifest.xml:44:17-69
57-->[:unityLibrary] AndroidManifest.xml:44:25-66
58
59                <category android:name="android.intent.category.LAUNCHER" />
59-->[:unityLibrary] AndroidManifest.xml:46:17-77
59-->[:unityLibrary] AndroidManifest.xml:46:27-74
60                <category android:name="android.intent.category.LEANBACK_LAUNCHER" />
60-->[:unityLibrary] AndroidManifest.xml:47:17-86
60-->[:unityLibrary] AndroidManifest.xml:47:27-83
61            </intent-filter>
62
63            <meta-data
63-->[:unityLibrary] AndroidManifest.xml:50:13-52:40
64                android:name="unityplayer.UnityActivity"
64-->[:unityLibrary] AndroidManifest.xml:51:17-57
65                android:value="true" />
65-->[:unityLibrary] AndroidManifest.xml:52:17-37
66        </activity>
67
68        <meta-data
68-->[:unityLibrary] AndroidManifest.xml:55:9-57:33
69            android:name="unity.splash-mode"
69-->[:unityLibrary] AndroidManifest.xml:56:13-45
70            android:value="0" />
70-->[:unityLibrary] AndroidManifest.xml:57:13-30
71        <meta-data
71-->[:unityLibrary] AndroidManifest.xml:58:9-60:36
72            android:name="unity.splash-enable"
72-->[:unityLibrary] AndroidManifest.xml:59:13-47
73            android:value="True" />
73-->[:unityLibrary] AndroidManifest.xml:60:13-33
74        <meta-data
74-->[:unityLibrary] AndroidManifest.xml:61:9-63:68
75            android:name="unity.build-id"
75-->[:unityLibrary] AndroidManifest.xml:62:13-42
76            android:value="cd5521c6-466c-430f-a083-a4bdfc2c5edf" />
76-->[:unityLibrary] AndroidManifest.xml:63:13-65
77        <meta-data
77-->[:unityLibrary] AndroidManifest.xml:64:9-66:36
78            android:name="unityplayer.SkipPermissionsDialog"
78-->[:unityLibrary] AndroidManifest.xml:65:13-61
79            android:value="true" />
79-->[:unityLibrary] AndroidManifest.xml:66:13-33
80        <meta-data
80-->[:unityLibrary] AndroidManifest.xml:67:9-69:40
81            android:name="com.google.ar.core"
81-->[:unityLibrary] AndroidManifest.xml:68:13-46
82            android:value="optional" /> <!-- The minimal version code of ARCore APK required for an app using this SDK. -->
82-->[:unityLibrary] AndroidManifest.xml:69:13-37
83        <meta-data
83-->[:arcore_client:] AndroidManifest.xml:33:9-35:41
84            android:name="com.google.ar.core.min_apk_version"
84-->[:arcore_client:] AndroidManifest.xml:34:13-62
85            android:value="190805000" /> <!-- This activity is critical for installing ARCore when it is not already present. -->
85-->[:arcore_client:] AndroidManifest.xml:35:13-38
86        <activity
86-->[:arcore_client:] AndroidManifest.xml:37:9-43:80
87            android:name="com.google.ar.core.InstallActivity"
87-->[:arcore_client:] AndroidManifest.xml:38:13-62
88            android:configChanges="keyboardHidden|orientation|screenSize"
88-->[:arcore_client:] AndroidManifest.xml:39:13-74
89            android:excludeFromRecents="true"
89-->[:arcore_client:] AndroidManifest.xml:40:13-46
90            android:exported="false"
90-->[:arcore_client:] AndroidManifest.xml:41:13-37
91            android:launchMode="singleTop"
91-->[:arcore_client:] AndroidManifest.xml:42:13-43
92            android:theme="@android:style/Theme.Material.Light.Dialog.Alert" />
92-->[:arcore_client:] AndroidManifest.xml:43:13-77
93        <activity
93-->[:UnityAds:] AndroidManifest.xml:15:9-19:74
94            android:name="com.unity3d.services.ads.adunit.AdUnitActivity"
94-->[:UnityAds:] AndroidManifest.xml:16:13-74
95            android:configChanges="fontScale|keyboard|keyboardHidden|locale|mnc|mcc|navigation|orientation|screenLayout|screenSize|smallestScreenSize|uiMode|touchscreen"
95-->[:UnityAds:] AndroidManifest.xml:17:13-170
96            android:hardwareAccelerated="true"
96-->[:UnityAds:] AndroidManifest.xml:18:13-47
97            android:theme="@android:style/Theme.NoTitleBar.Fullscreen" />
97-->[:UnityAds:] AndroidManifest.xml:19:13-71
98        <activity
98-->[:UnityAds:] AndroidManifest.xml:20:9-24:86
99            android:name="com.unity3d.services.ads.adunit.AdUnitTransparentActivity"
99-->[:UnityAds:] AndroidManifest.xml:21:13-85
100            android:configChanges="fontScale|keyboard|keyboardHidden|locale|mnc|mcc|navigation|orientation|screenLayout|screenSize|smallestScreenSize|uiMode|touchscreen"
100-->[:UnityAds:] AndroidManifest.xml:22:13-170
101            android:hardwareAccelerated="true"
101-->[:UnityAds:] AndroidManifest.xml:23:13-47
102            android:theme="@android:style/Theme.Translucent.NoTitleBar.Fullscreen" />
102-->[:UnityAds:] AndroidManifest.xml:24:13-83
103        <activity
103-->[:UnityAds:] AndroidManifest.xml:25:9-29:86
104            android:name="com.unity3d.services.ads.adunit.AdUnitTransparentSoftwareActivity"
104-->[:UnityAds:] AndroidManifest.xml:26:13-93
105            android:configChanges="fontScale|keyboard|keyboardHidden|locale|mnc|mcc|navigation|orientation|screenLayout|screenSize|smallestScreenSize|uiMode|touchscreen"
105-->[:UnityAds:] AndroidManifest.xml:27:13-170
106            android:hardwareAccelerated="false"
106-->[:UnityAds:] AndroidManifest.xml:28:13-48
107            android:theme="@android:style/Theme.Translucent.NoTitleBar.Fullscreen" />
107-->[:UnityAds:] AndroidManifest.xml:29:13-83
108        <activity
108-->[:UnityAds:] AndroidManifest.xml:30:9-34:74
109            android:name="com.unity3d.services.ads.adunit.AdUnitSoftwareActivity"
109-->[:UnityAds:] AndroidManifest.xml:31:13-82
110            android:configChanges="fontScale|keyboard|keyboardHidden|locale|mnc|mcc|navigation|orientation|screenLayout|screenSize|smallestScreenSize|uiMode|touchscreen"
110-->[:UnityAds:] AndroidManifest.xml:32:13-170
111            android:hardwareAccelerated="false"
111-->[:UnityAds:] AndroidManifest.xml:33:13-48
112            android:theme="@android:style/Theme.NoTitleBar.Fullscreen" />
112-->[:UnityAds:] AndroidManifest.xml:34:13-71
113    </application>
114
115</manifest>